{
  message: 'server start on port : 30788',
  level: 'info',
  timestamp: '2023-10-15 20:18:05',
  label: 'meow'
}
{
  message: 'server start on port : 30788',
  level: 'info',
  timestamp: '2023-10-15 20:23:15',
  label: 'meow'
}
{
  message: 'server start on port : 30788',
  level: 'info',
  timestamp: '2023-10-15 20:25:47',
  label: 'meow'
}
{
  message: 'This is  home / route',
  level: 'debug',
  timestamp: '2023-10-15 20:25:55',
  label: 'meow'
}
{
  message: 'verbose silly massage',
  level: 'silly',
  timestamp: '2023-10-15 20:25:55',
  label: 'meow'
}
{
  message: 'This is  home / route',
  level: 'debug',
  timestamp: '2023-10-15 20:26:00',
  label: 'meow'
}
{
  message: 'verbose silly massage',
  level: 'silly',
  timestamp: '2023-10-15 20:26:00',
  label: 'meow'
}
{
  message: 'Event Error: Unauthenticated user',
  level: 'error',
  timestamp: '2023-10-15 20:26:20',
  label: 'meow'
}
{
  message: 'Event Error: Unauthenticated user',
  level: 'error',
  timestamp: '2023-10-15 20:28:55',
  label: 'meow'
}
